Started GET "/" for 127.0.0.1 at 2019-03-20 01:58:05 +0100
Processing by Rails::WelcomeController#index as HTML
  Rendering /Users/fabiensebban/.rvm/gems/ruby-2.5.3/gems/railties-6.0.0.beta2/lib/rails/templates/rails/welcome/index.html.erb
  Rendered /Users/fabiensebban/.rvm/gems/ruby-2.5.3/gems/railties-6.0.0.beta2/lib/rails/templates/rails/welcome/index.html.erb (Duration: 8.5ms | Allocations: 532)
Completed 200 OK in 18ms (Views: 15.3ms | Allocations: 2686)


Started GET "/favicon.ico" for 127.0.0.1 at 2019-03-20 01:58:06 +0100
  
ActionController::RoutingError (No route matches [GET] "/favicon.ico"):
  
actionpack (6.0.0.beta2) lib/action_dispatch/middleware/debug_exceptions.rb:34:in `call'
actionpack (6.0.0.beta2) lib/action_dispatch/middleware/show_exceptions.rb:33:in `call'
railties (6.0.0.beta2) lib/rails/rack/logger.rb:38:in `call_app'
railties (6.0.0.beta2) lib/rails/rack/logger.rb:26:in `block in call'
activesupport (6.0.0.beta2) lib/active_support/tagged_logging.rb:80:in `block in tagged'
activesupport (6.0.0.beta2) lib/active_support/tagged_logging.rb:28:in `tagged'
activesupport (6.0.0.beta2) lib/active_support/tagged_logging.rb:80:in `tagged'
railties (6.0.0.beta2) lib/rails/rack/logger.rb:26:in `call'
actionpack (6.0.0.beta2) lib/action_dispatch/middleware/remote_ip.rb:81:in `call'
actionpack (6.0.0.beta2) lib/action_dispatch/middleware/request_id.rb:27:in `call'
rack (2.0.6) lib/rack/runtime.rb:22:in `call'
activesupport (6.0.0.beta2) lib/active_support/cache/strategy/local_cache_middleware.rb:29:in `call'
actionpack (6.0.0.beta2) lib/action_dispatch/middleware/executor.rb:14:in `call'
actionpack (6.0.0.beta2) lib/action_dispatch/middleware/static.rb:126:in `call'
rack (2.0.6) lib/rack/sendfile.rb:111:in `call'
actionpack (6.0.0.beta2) lib/action_dispatch/middleware/host_authorization.rb:83:in `call'
railties (6.0.0.beta2) lib/rails/engine.rb:523:in `call'
puma (3.12.0) lib/puma/configuration.rb:225:in `call'
puma (3.12.0) lib/puma/server.rb:658:in `handle_request'
puma (3.12.0) lib/puma/server.rb:472:in `process_client'
puma (3.12.0) lib/puma/server.rb:332:in `block in run'
puma (3.12.0) lib/puma/thread_pool.rb:133:in `block in spawn_thread'
Started GET "/" for 127.0.0.1 at 2019-03-20 01:58:23 +0100
Processing by Rails::WelcomeController#index as HTML
  Rendering /Users/fabiensebban/.rvm/gems/ruby-2.5.3/gems/railties-6.0.0.beta2/lib/rails/templates/rails/welcome/index.html.erb
  Rendered /Users/fabiensebban/.rvm/gems/ruby-2.5.3/gems/railties-6.0.0.beta2/lib/rails/templates/rails/welcome/index.html.erb (Duration: 7.8ms | Allocations: 197)
Completed 200 OK in 11ms (Views: 10.7ms | Allocations: 880)


Started GET "/" for 127.0.0.1 at 2019-03-20 01:58:27 +0100
Processing by Rails::WelcomeController#index as HTML
  Rendering /Users/fabiensebban/.rvm/gems/ruby-2.5.3/gems/railties-6.0.0.beta2/lib/rails/templates/rails/welcome/index.html.erb
  Rendered /Users/fabiensebban/.rvm/gems/ruby-2.5.3/gems/railties-6.0.0.beta2/lib/rails/templates/rails/welcome/index.html.erb (Duration: 7.6ms | Allocations: 197)
Completed 200 OK in 10ms (Views: 9.6ms | Allocations: 868)


